Unity Editor version:    2021.3.8f1 (b30333d56e81)
Branch:                  2021.3/staging
Build type:              Release
Batch mode:              YES
macOS version:           Version 12.5.1 (Build 21G83)
Darwin version:          21.6.0
Architecture:            arm64
Running under Rosetta:   NO
Available memory:        16384 MB
Using pre-set license
Pro License: YES

COMMAND LINE ARGUMENTS:
/Applications/Unity/Unity.app/Contents/MacOS/Unity
-adb2
-batchMode
-noUpm
-name
AssetImportWorker1
-projectPath
/Users/Mattlu/Desktop/XR Decal/Rune Scuffle
-logFile
Logs/AssetImportWorker1.log
-srvPort
53242
Successfully changed project path to: /Users/Mattlu/Desktop/XR Decal/Rune Scuffle
/Users/Mattlu/Desktop/XR Decal/Rune Scuffle
[UnityMemory] Configuration Parameters - Can be set up in boot.config
    "memorysetup-bucket-allocator-granularity=16"
    "memorysetup-bucket-allocator-bucket-count=8"
    "memorysetup-bucket-allocator-block-size=33554432"
    "memorysetup-bucket-allocator-block-count=8"
    "memorysetup-main-allocator-block-size=16777216"
    "memorysetup-thread-allocator-block-size=16777216"
    "memorysetup-gfx-main-allocator-block-size=16777216"
    "memorysetup-gfx-thread-allocator-block-size=16777216"
    "memorysetup-cache-allocator-block-size=4194304"
    "memorysetup-typetree-allocator-block-size=2097152"
    "memorysetup-profiler-bucket-allocator-granularity=16"
    "memorysetup-profiler-bucket-allocator-bucket-count=8"
    "memorysetup-profiler-bucket-allocator-block-size=33554432"
    "memorysetup-profiler-bucket-allocator-block-count=8"
    "memorysetup-profiler-allocator-block-size=16777216"
    "memorysetup-profiler-editor-allocator-block-size=1048576"
    "memorysetup-temp-allocator-size-main=16777216"
    "memorysetup-job-temp-allocator-block-size=2097152"
    "memorysetup-job-temp-allocator-block-size-background=1048576"
    "memorysetup-job-temp-allocator-reduction-small-platforms=262144"
    "memorysetup-temp-allocator-size-background-worker=32768"
    "memorysetup-temp-allocator-size-job-worker=262144"
    "memorysetup-temp-allocator-size-preload-manager=33554432"
    "memorysetup-temp-allocator-size-nav-mesh-worker=65536"
    "memorysetup-temp-allocator-size-audio-worker=65536"
    "memorysetup-temp-allocator-size-cloud-worker=32768"
    "memorysetup-temp-allocator-size-gi-baking-worker=262144"
    "memorysetup-temp-allocator-size-gfx=262144"
Refreshing native plugins compatible for Editor in 84.34 ms, found 3 plugins.
Preloading 1 native plugins for Editor in 3.35 ms.
Initialize engine version: 2021.3.8f1 (b30333d56e81)
[Subsystems] Discovering subsystems at path /Applications/Unity/Unity.app/Contents/Resources/UnitySubsystems
[Subsystems] Discovering subsystems at path /Users/Mattlu/Desktop/XR Decal/Rune Scuffle/Assets
GfxDevice: creating device client; threaded=0; jobified=0
 preferred device: Apple M1 Pro (high power)
Metal devices available: 1
0: Apple M1 Pro (high power)
Using device Apple M1 Pro (high power)
Initializing Metal device caps: Apple M1 Pro
Initialize mono
Mono path[0] = '/Applications/Unity/Unity.app/Contents/Managed'
Mono path[1] = '/Applications/Unity/Unity.app/Contents/MonoBleedingEdge/lib/mono/unityjit-macos'
Mono config path = '/Applications/Unity/Unity.app/Contents/MonoBleedingEdge/etc'
Using monoOptions --debugger-agent=transport=dt_socket,embedding=1,server=y,suspend=n,address=127.0.0.1:56066
Begin MonoManager ReloadAssembly
Registering precompiled unity dll's ...
Register platform support module: /Applications/Unity/PlaybackEngines/WebGLSupport/UnityEditor.WebGL.Extensions.dll
Register platform support module: /Applications/Unity/Unity.app/Contents/PlaybackEngines/MacStandaloneSupport/UnityEditor.OSXStandalone.Extensions.dll
Registered in 0.000397 seconds.
Native extension for OSXStandalone target not found
Native extension for WebGL target not found
Refreshing native plugins compatible for Editor in 85.68 ms, found 3 plugins.
Preloading 1 native plugins for Editor in 0.24 ms.
Mono: successfully reloaded assembly
- Completed reload, in  0.406 seconds
Domain Reload Profiling:
	ReloadAssembly (406ms)
		BeginReloadAssembly (31ms)
			ExecutionOrderSort (0ms)
			DisableScriptedObjects (0ms)
			BackupInstance (0ms)
			ReleaseScriptingObjects (0ms)
			CreateAndSetChildDomain (1ms)
		EndReloadAssembly (309ms)
			LoadAssemblies (30ms)
			RebuildTransferFunctionScriptingTraits (0ms)
			SetupTypeCache (67ms)
			ReleaseScriptCaches (0ms)
			RebuildScriptCaches (21ms)
			SetupLoadedEditorAssemblies (193ms)
				LogAssemblyErrors (0ms)
				InitializePlatformSupportModulesInManaged (4ms)
				SetLoadedEditorAssemblies (0ms)
				RefreshPlugins (86ms)
				BeforeProcessingInitializeOnLoad (1ms)
				ProcessInitializeOnLoadAttributes (77ms)
				ProcessInitializeOnLoadMethodAttributes (25ms)
				AfterProcessingInitializeOnLoad (0ms)
				EditorAssembliesLoaded (0ms)
			ExecutionOrderSort2 (0ms)
			AwakeInstancesAfterBackupRestoration (0ms)
Platform modules already initialized, skipping
Registering precompiled user dll's ...
Registered in 0.002507 seconds.
Begin MonoManager ReloadAssembly
Symbol file LoadedFromMemory doesn't match image /Users/Mattlu/Desktop/XR Decal/Rune Scuffle/Library/PackageCache/com.unity.visualscripting@1.7.8/Editor/VisualScripting.Core/Dependencies/DotNetZip/Unity.VisualScripting.IonicZip.dll
Symbol file LoadedFromMemory doesn't match image /Users/Mattlu/Desktop/XR Decal/Rune Scuffle/Library/PackageCache/com.unity.visualscripting@1.7.8/Editor/VisualScripting.Core/Dependencies/YamlDotNet/Unity.VisualScripting.YamlDotNet.dll
Native extension for OSXStandalone target not found
Native extension for WebGL target not found
Refreshing native plugins compatible for Editor in 79.90 ms, found 3 plugins.
Preloading 1 native plugins for Editor in 0.23 ms.
Package Manager log level set to [2]
Mono: successfully reloaded assembly
- Completed reload, in  0.794 seconds
Domain Reload Profiling:
	ReloadAssembly (794ms)
		BeginReloadAssembly (50ms)
			ExecutionOrderSort (0ms)
			DisableScriptedObjects (3ms)
			BackupInstance (0ms)
			ReleaseScriptingObjects (0ms)
			CreateAndSetChildDomain (11ms)
		EndReloadAssembly (668ms)
			LoadAssemblies (63ms)
			RebuildTransferFunctionScriptingTraits (0ms)
			SetupTypeCache (178ms)
			ReleaseScriptCaches (2ms)
			RebuildScriptCaches (45ms)
			SetupLoadedEditorAssemblies (345ms)
				LogAssemblyErrors (0ms)
				InitializePlatformSupportModulesInManaged (2ms)
				SetLoadedEditorAssemblies (0ms)
				RefreshPlugins (80ms)
				BeforeProcessingInitializeOnLoad (65ms)
				ProcessInitializeOnLoadAttributes (180ms)
				ProcessInitializeOnLoadMethodAttributes (17ms)
				AfterProcessingInitializeOnLoad (1ms)
				EditorAssembliesLoaded (0ms)
			ExecutionOrderSort2 (0ms)
			AwakeInstancesAfterBackupRestoration (3ms)
Platform modules already initialized, skipping
========================================================================
Worker process is ready to serve import requests
Launching external process: /Applications/Unity/Unity.app/Contents/Tools/UnityShaderCompiler
Launched and connected shader compiler UnityShaderCompiler after 0.05 seconds
Refreshing native plugins compatible for Editor in 0.61 ms, found 3 plugins.
Preloading 1 native plugins for Editor in 0.21 ms.
Unloading 4308 Unused Serialized files (Serialized files now loaded: 0)
Unloading 44 unused Assets / (97.0 KB). Loaded Objects now: 4756.
Memory consumption went from 275.9 MB to 275.8 MB.
Total: 2.713917 ms (FindLiveObjects: 0.139375 ms CreateObjectMapping: 0.050750 ms MarkObjects: 2.394125 ms  DeleteObjects: 0.128750 ms)

AssetImportParameters requested are different than current active one (requested -> active):
  custom:video-decoder-ogg-theora: a1e56fd34408186e4bbccfd4996cb3dc -> 
  custom:container-muxer-webm: aa71ff27fc2769a1b78a27578f13a17b -> 
  custom:container-demuxer-webm: 4f35f7cbe854078d1ac9338744f61a02 -> 
  custom:video-encoder-webm-vp8: eb34c28f22e8b96e1ab97ce403110664 -> 
  custom:framework-osx-AVFoundation: e770b220cccbd017edd2c1fefb359320 -> 
  custom:audio-encoder-webm-vorbis: bf7c407c2cedff20999df2af8eb42d56 -> 
  custom:container-demuxer-ogg: 62fdf1f143b41e24485cea50d1cbac27 -> 
  custom:video-decoder-webm-vp8: 9c59270c3fd7afecdb556c50c9e8de78 -> 
  custom:audio-decoder-ogg-vorbis: bf7c407c2cedff20999df2af8eb42d56 -> 
========================================================================
Received Import Request.
  Time since last request: 182162.128251 seconds.
  path: Assets/4_Fire/Materials/MAT_Fire_Alpha.mat
  artifactKey: Guid(70359751edd22ec4fb2b5f3f07c001bd) Importer(815301076,1909f56bfc062723c751e8b465ee728b)
Start importing Assets/4_Fire/Materials/MAT_Fire_Alpha.mat using Guid(70359751edd22ec4fb2b5f3f07c001bd) Importer(815301076,1909f56bfc062723c751e8b465ee728b)  -> (artifact id: 'ee6811636b51c7819e03d951a02a49f2') in 0.221887 seconds 
========================================================================
Received Import Request.
  Time since last request: 0.000049 seconds.
  path: Assets/4_Fire/Textures/TXT_Fire_01.tga
  artifactKey: Guid(9480241d8f7ab004bb5b8b0f898d56da) Importer(815301076,1909f56bfc062723c751e8b465ee728b)
Start importing Assets/4_Fire/Textures/TXT_Fire_01.tga using Guid(9480241d8f7ab004bb5b8b0f898d56da) Importer(815301076,1909f56bfc062723c751e8b465ee728b)  -> (artifact id: '6f2fd184150fbff6cbca6240d3e05788') in 0.735745 seconds 
========================================================================
Received Import Request.
  Time since last request: 13.560181 seconds.
  path: Assets/Flare Gun/Materials/FG_Body.mat
  artifactKey: Guid(02378093f2f464202ac75698592548f3) Importer(815301076,1909f56bfc062723c751e8b465ee728b)
Start importing Assets/Flare Gun/Materials/FG_Body.mat using Guid(02378093f2f464202ac75698592548f3) Importer(815301076,1909f56bfc062723c751e8b465ee728b)  -> (artifact id: 'a8803649ca8ee8b3e6268666e8881017') in 0.119846 seconds 
========================================================================
Received Import Request.
  Time since last request: 22.832895 seconds.
  path: Assets/Standard Assets/Characters/FirstPersonCharacter/Prefabs/RigidBodyFPSController.prefab
  artifactKey: Guid(c6453f8e1f814744d8b94e5a6d1f9942) Importer(815301076,1909f56bfc062723c751e8b465ee728b)
Start importing Assets/Standard Assets/Characters/FirstPersonCharacter/Prefabs/RigidBodyFPSController.prefab using Guid(c6453f8e1f814744d8b94e5a6d1f9942) Importer(815301076,1909f56bfc062723c751e8b465ee728b)  -> (artifact id: '711d43de03700e075436168fc88b353f') in 0.037905 seconds 
========================================================================
Received Import Request.
  Time since last request: 25.623580 seconds.
  path: Assets/Standard Assets/Characters/FirstPersonCharacter/Audio/Footstep02.wav
  artifactKey: Guid(8bc94ec6ed537e743b481638bdcd503d) Importer(815301076,1909f56bfc062723c751e8b465ee728b)
Start importing Assets/Standard Assets/Characters/FirstPersonCharacter/Audio/Footstep02.wav using Guid(8bc94ec6ed537e743b481638bdcd503d) Importer(815301076,1909f56bfc062723c751e8b465ee728b)  -> (artifact id: '66bd663b01854439a1300a80fd9ba1f7') in 0.823851 seconds 
========================================================================
Received Import Request.
  Time since last request: 0.000064 seconds.
  path: Assets/Standard Assets/Characters/FirstPersonCharacter/Audio/Land.wav
  artifactKey: Guid(3b09d59f4499d45428baa7a21e954296) Importer(815301076,1909f56bfc062723c751e8b465ee728b)
Start importing Assets/Standard Assets/Characters/FirstPersonCharacter/Audio/Land.wav using Guid(3b09d59f4499d45428baa7a21e954296) Importer(815301076,1909f56bfc062723c751e8b465ee728b)  -> (artifact id: 'a5e9a5e1d2e805c0389f0ce8564164ba') in 0.006171 seconds 
========================================================================
Received Import Request.
  Time since last request: 0.000035 seconds.
  path: Assets/Standard Assets/Characters/FirstPersonCharacter/Audio/Jump.wav
  artifactKey: Guid(5897aeed9b676024fbb8c694b421a861) Importer(815301076,1909f56bfc062723c751e8b465ee728b)
Start importing Assets/Standard Assets/Characters/FirstPersonCharacter/Audio/Jump.wav using Guid(5897aeed9b676024fbb8c694b421a861) Importer(815301076,1909f56bfc062723c751e8b465ee728b)  -> (artifact id: '4d0e6df6c76f4be2017c225202cb1f1a') in 0.005081 seconds 
========================================================================
Received Import Request.
  Time since last request: 8.616734 seconds.
  path: Assets/Standard Assets/Cameras/Prefabs/FreeLookCameraRig.prefab
  artifactKey: Guid(49a0e923d39ec3c4c8bb97699e2f2903) Importer(815301076,1909f56bfc062723c751e8b465ee728b)
Start importing Assets/Standard Assets/Cameras/Prefabs/FreeLookCameraRig.prefab using Guid(49a0e923d39ec3c4c8bb97699e2f2903) Importer(815301076,1909f56bfc062723c751e8b465ee728b)  -> (artifact id: '54410b24878df739ae82502fc34e7e54') in 0.006501 seconds 
========================================================================
Received Import Request.
  Time since last request: 0.000083 seconds.
  path: Assets/Standard Assets/Cameras/Prefabs/MultipurposeCameraRig.prefab
  artifactKey: Guid(baec086904791744185aaa07a6cf55c2) Importer(815301076,1909f56bfc062723c751e8b465ee728b)
Start importing Assets/Standard Assets/Cameras/Prefabs/MultipurposeCameraRig.prefab using Guid(baec086904791744185aaa07a6cf55c2) Importer(815301076,1909f56bfc062723c751e8b465ee728b)  -> (artifact id: '4873e395db6ff71b8b6d3e631a8311d4') in 0.003178 seconds 
========================================================================
Received Prepare
Registering precompiled user dll's ...
Registered in 0.001882 seconds.
Begin MonoManager ReloadAssembly
Thread 0x29871b000 may have been prematurely finalized
Symbol file LoadedFromMemory doesn't match image /Users/Mattlu/Desktop/XR Decal/Rune Scuffle/Library/PackageCache/com.unity.visualscripting@1.7.8/Editor/VisualScripting.Core/Dependencies/DotNetZip/Unity.VisualScripting.IonicZip.dll
Symbol file LoadedFromMemory doesn't match image /Users/Mattlu/Desktop/XR Decal/Rune Scuffle/Library/PackageCache/com.unity.visualscripting@1.7.8/Editor/VisualScripting.Core/Dependencies/YamlDotNet/Unity.VisualScripting.YamlDotNet.dll
Native extension for OSXStandalone target not found
Native extension for WebGL target not found
Refreshing native plugins compatible for Editor in 0.55 ms, found 3 plugins.
Preloading 1 native plugins for Editor in 0.21 ms.
Mono: successfully reloaded assembly
- Completed reload, in  0.608 seconds
Domain Reload Profiling:
	ReloadAssembly (609ms)
		BeginReloadAssembly (81ms)
			ExecutionOrderSort (0ms)
			DisableScriptedObjects (2ms)
			BackupInstance (0ms)
			ReleaseScriptingObjects (0ms)
			CreateAndSetChildDomain (33ms)
		EndReloadAssembly (473ms)
			LoadAssemblies (33ms)
			RebuildTransferFunctionScriptingTraits (0ms)
			SetupTypeCache (181ms)
			ReleaseScriptCaches (1ms)
			RebuildScriptCaches (27ms)
			SetupLoadedEditorAssemblies (201ms)
				LogAssemblyErrors (0ms)
				InitializePlatformSupportModulesInManaged (4ms)
				SetLoadedEditorAssemblies (0ms)
				RefreshPlugins (1ms)
				BeforeProcessingInitializeOnLoad (40ms)
				ProcessInitializeOnLoadAttributes (141ms)
				ProcessInitializeOnLoadMethodAttributes (13ms)
				AfterProcessingInitializeOnLoad (0ms)
				EditorAssembliesLoaded (0ms)
			ExecutionOrderSort2 (0ms)
			AwakeInstancesAfterBackupRestoration (2ms)
Platform modules already initialized, skipping
Refreshing native plugins compatible for Editor in 1.37 ms, found 3 plugins.
Preloading 1 native plugins for Editor in 0.18 ms.
Unloading 4270 Unused Serialized files (Serialized files now loaded: 0)
Unloading 38 unused Assets / (74.4 KB). Loaded Objects now: 4801.
Memory consumption went from 295.4 MB to 295.3 MB.
Total: 2.329417 ms (FindLiveObjects: 0.133334 ms CreateObjectMapping: 0.053875 ms MarkObjects: 2.066166 ms  DeleteObjects: 0.075417 ms)

AssetImportParameters requested are different than current active one (requested -> active):
  custom:video-decoder-ogg-theora: a1e56fd34408186e4bbccfd4996cb3dc -> 
  custom:container-muxer-webm: aa71ff27fc2769a1b78a27578f13a17b -> 
  custom:container-demuxer-webm: 4f35f7cbe854078d1ac9338744f61a02 -> 
  custom:video-encoder-webm-vp8: eb34c28f22e8b96e1ab97ce403110664 -> 
  custom:framework-osx-AVFoundation: e770b220cccbd017edd2c1fefb359320 -> 
  custom:audio-encoder-webm-vorbis: bf7c407c2cedff20999df2af8eb42d56 -> 
  custom:container-demuxer-ogg: 62fdf1f143b41e24485cea50d1cbac27 -> 
  custom:video-decoder-webm-vp8: 9c59270c3fd7afecdb556c50c9e8de78 -> 
  custom:audio-decoder-ogg-vorbis: bf7c407c2cedff20999df2af8eb42d56 -> 
========================================================================
Received Prepare
Registering precompiled user dll's ...
Registered in 0.001513 seconds.
Begin MonoManager ReloadAssembly
Thread 0x16d83f000 may have been prematurely finalized
Symbol file LoadedFromMemory doesn't match image /Users/Mattlu/Desktop/XR Decal/Rune Scuffle/Library/PackageCache/com.unity.visualscripting@1.7.8/Editor/VisualScripting.Core/Dependencies/DotNetZip/Unity.VisualScripting.IonicZip.dll
Symbol file LoadedFromMemory doesn't match image /Users/Mattlu/Desktop/XR Decal/Rune Scuffle/Library/PackageCache/com.unity.visualscripting@1.7.8/Editor/VisualScripting.Core/Dependencies/YamlDotNet/Unity.VisualScripting.YamlDotNet.dll
Native extension for OSXStandalone target not found
Native extension for WebGL target not found
Refreshing native plugins compatible for Editor in 0.60 ms, found 3 plugins.
Preloading 1 native plugins for Editor in 0.21 ms.
Mono: successfully reloaded assembly
- Completed reload, in  0.596 seconds
Domain Reload Profiling:
	ReloadAssembly (597ms)
		BeginReloadAssembly (68ms)
			ExecutionOrderSort (0ms)
			DisableScriptedObjects (2ms)
			BackupInstance (0ms)
			ReleaseScriptingObjects (0ms)
			CreateAndSetChildDomain (25ms)
		EndReloadAssembly (474ms)
			LoadAssemblies (52ms)
			RebuildTransferFunctionScriptingTraits (0ms)
			SetupTypeCache (165ms)
			ReleaseScriptCaches (1ms)
			RebuildScriptCaches (27ms)
			SetupLoadedEditorAssemblies (197ms)
				LogAssemblyErrors (0ms)
				InitializePlatformSupportModulesInManaged (5ms)
				SetLoadedEditorAssemblies (0ms)
				RefreshPlugins (1ms)
				BeforeProcessingInitializeOnLoad (40ms)
				ProcessInitializeOnLoadAttributes (137ms)
				ProcessInitializeOnLoadMethodAttributes (14ms)
				AfterProcessingInitializeOnLoad (1ms)
				EditorAssembliesLoaded (0ms)
			ExecutionOrderSort2 (0ms)
			AwakeInstancesAfterBackupRestoration (2ms)
Platform modules already initialized, skipping
Refreshing native plugins compatible for Editor in 1.28 ms, found 3 plugins.
Preloading 1 native plugins for Editor in 0.18 ms.
Unloading 4270 Unused Serialized files (Serialized files now loaded: 0)
Unloading 34 unused Assets / (74.4 KB). Loaded Objects now: 4805.
Memory consumption went from 295.6 MB to 295.5 MB.
Total: 2.387292 ms (FindLiveObjects: 0.124083 ms CreateObjectMapping: 0.053375 ms MarkObjects: 2.116333 ms  DeleteObjects: 0.093000 ms)

AssetImportParameters requested are different than current active one (requested -> active):
  custom:video-decoder-ogg-theora: a1e56fd34408186e4bbccfd4996cb3dc -> 
  custom:container-muxer-webm: aa71ff27fc2769a1b78a27578f13a17b -> 
  custom:container-demuxer-webm: 4f35f7cbe854078d1ac9338744f61a02 -> 
  custom:video-encoder-webm-vp8: eb34c28f22e8b96e1ab97ce403110664 -> 
  custom:framework-osx-AVFoundation: e770b220cccbd017edd2c1fefb359320 -> 
  custom:audio-encoder-webm-vorbis: bf7c407c2cedff20999df2af8eb42d56 -> 
  custom:container-demuxer-ogg: 62fdf1f143b41e24485cea50d1cbac27 -> 
  custom:video-decoder-webm-vp8: 9c59270c3fd7afecdb556c50c9e8de78 -> 
  custom:audio-decoder-ogg-vorbis: bf7c407c2cedff20999df2af8eb42d56 -> 
========================================================================
Received Import Request.
  Time since last request: 37.259426 seconds.
  path: Assets/LightningBolt/LightningBoltMaterialAlphaBlend.mat
  artifactKey: Guid(be0b7488e7fc09f40a96c106df4d461a) Importer(815301076,1909f56bfc062723c751e8b465ee728b)
Start importing Assets/LightningBolt/LightningBoltMaterialAlphaBlend.mat using Guid(be0b7488e7fc09f40a96c106df4d461a) Importer(815301076,1909f56bfc062723c751e8b465ee728b)  -> (artifact id: '23884e7a13dab17534cce3761ae0d821') in 0.052313 seconds 
========================================================================
Received Import Request.
  Time since last request: 0.000043 seconds.
  path: Assets/LightningBolt/SimpleLightningBoltPrefab.prefab
  artifactKey: Guid(a9892f6a83fd8d4468ce0c8a3d09d3cd) Importer(815301076,1909f56bfc062723c751e8b465ee728b)
Start importing Assets/LightningBolt/SimpleLightningBoltPrefab.prefab using Guid(a9892f6a83fd8d4468ce0c8a3d09d3cd) Importer(815301076,1909f56bfc062723c751e8b465ee728b)  -> (artifact id: 'aceaec169f90cf6491d3c28ce3be3bd4') in 0.017197 seconds 
========================================================================
Received Import Request.
  Time since last request: 0.000037 seconds.
  path: Assets/LightningBolt/LightningBoltMaterialAnimatedAdditive.mat
  artifactKey: Guid(db99378546970474d8e54ba6db10a9c4) Importer(815301076,1909f56bfc062723c751e8b465ee728b)
Start importing Assets/LightningBolt/LightningBoltMaterialAnimatedAdditive.mat using Guid(db99378546970474d8e54ba6db10a9c4) Importer(815301076,1909f56bfc062723c751e8b465ee728b)  -> (artifact id: '3b0f11ff3e749b06aa90da4e198c7d0f') in 0.033020 seconds 
========================================================================
Received Import Request.
  Time since last request: 23.433754 seconds.
  path: Assets/Materials/blueMat.mat
  artifactKey: Guid(537e0cdf5edcdbb4090317f78694f2c6) Importer(815301076,1909f56bfc062723c751e8b465ee728b)
Start importing Assets/Materials/blueMat.mat using Guid(537e0cdf5edcdbb4090317f78694f2c6) Importer(815301076,1909f56bfc062723c751e8b465ee728b)  -> (artifact id: '071ac9079c9617758c1593890371c8a9') in 0.022333 seconds 
========================================================================
Received Import Request.
  Time since last request: 0.000070 seconds.
  path: Assets/Materials/FlashParticle.tif
  artifactKey: Guid(c826d12aca5bdda4c900b00833f6d875) Importer(815301076,1909f56bfc062723c751e8b465ee728b)
Start importing Assets/Materials/FlashParticle.tif using Guid(c826d12aca5bdda4c900b00833f6d875) Importer(815301076,1909f56bfc062723c751e8b465ee728b)  -> (artifact id: '02795da94f0ad711d15e179a85edd59f') in 0.628282 seconds 
========================================================================
Received Import Request.
  Time since last request: 0.000073 seconds.
  path: Assets/Materials/Pulse.mat
  artifactKey: Guid(7e5b6679a29d6a243b8f7e66b2a224a7) Importer(815301076,1909f56bfc062723c751e8b465ee728b)
Start importing Assets/Materials/Pulse.mat using Guid(7e5b6679a29d6a243b8f7e66b2a224a7) Importer(815301076,1909f56bfc062723c751e8b465ee728b)  -> (artifact id: '91fc4d398590cf86912451781f5ff721') in 0.039546 seconds 
========================================================================
Received Import Request.
  Time since last request: 0.000038 seconds.
  path: Assets/Materials/brownMat.mat
  artifactKey: Guid(c733c2f333a89dd4e88a27099b61571d) Importer(815301076,1909f56bfc062723c751e8b465ee728b)
Start importing Assets/Materials/brownMat.mat using Guid(c733c2f333a89dd4e88a27099b61571d) Importer(815301076,1909f56bfc062723c751e8b465ee728b)  -> (artifact id: '72a7379ab1f050f2746093e24f22032e') in 0.004929 seconds 
========================================================================
Received Import Request.
  Time since last request: 0.000036 seconds.
  path: Assets/Materials/Explosion.tif
  artifactKey: Guid(e656fa6edc8166d4abac4c705b3f56ed) Importer(815301076,1909f56bfc062723c751e8b465ee728b)
Start importing Assets/Materials/Explosion.tif using Guid(e656fa6edc8166d4abac4c705b3f56ed) Importer(815301076,1909f56bfc062723c751e8b465ee728b)  -> (artifact id: '0c74f21bfc48572a9a59d95f65ca3303') in 0.006622 seconds 
========================================================================
Received Import Request.
  Time since last request: 0.000038 seconds.
  path: Assets/Materials/floorMat.mat
  artifactKey: Guid(5466a7fc2630f034380df813dd9da576) Importer(815301076,1909f56bfc062723c751e8b465ee728b)
Start importing Assets/Materials/floorMat.mat using Guid(5466a7fc2630f034380df813dd9da576) Importer(815301076,1909f56bfc062723c751e8b465ee728b)  -> (artifact id: '117646d0ef321e51199a24ba318fe9e2') in 0.005042 seconds 
========================================================================
Received Import Request.
  Time since last request: 0.000034 seconds.
  path: Assets/Materials/creature1Albedo.mat
  artifactKey: Guid(018ae001684c7a048b29b33d0c89a449) Importer(815301076,1909f56bfc062723c751e8b465ee728b)
Start importing Assets/Materials/creature1Albedo.mat using Guid(018ae001684c7a048b29b33d0c89a449) Importer(815301076,1909f56bfc062723c751e8b465ee728b)  -> (artifact id: '0cc0a5bbd5da952e835bfd8122261780') in 0.305886 seconds 
========================================================================
Received Import Request.
  Time since last request: 4.717225 seconds.
  path: Assets/MobilityArts/SciFiHandGun/SciFiHandGun.prefab
  artifactKey: Guid(392a05bd229c33043ae112a856120172) Importer(815301076,1909f56bfc062723c751e8b465ee728b)
Start importing Assets/MobilityArts/SciFiHandGun/SciFiHandGun.prefab using Guid(392a05bd229c33043ae112a856120172) Importer(815301076,1909f56bfc062723c751e8b465ee728b)  -> (artifact id: '4f64852948107461446a9e0c3bdf46c6') in 0.273748 seconds 
========================================================================
Received Import Request.
  Time since last request: 19.458558 seconds.
  path: Assets/Prefabs/Prefab_assets/island2.fbx
  artifactKey: Guid(536c70c42c352442c987c68a186fbbcb) Importer(815301076,1909f56bfc062723c751e8b465ee728b)
Start importing Assets/Prefabs/Prefab_assets/island2.fbx using Guid(536c70c42c352442c987c68a186fbbcb) Importer(815301076,1909f56bfc062723c751e8b465ee728b)  -> (artifact id: '00ba8b34dbb40669f82b70cb421ad75f') in 0.276769 seconds 
========================================================================
Received Import Request.
  Time since last request: 24.679665 seconds.
  path: Assets/Prefabs/XR Prefabs/RightHand.fbx
  artifactKey: Guid(1ee3ac50637c8874a9f126a897cad158) Importer(815301076,1909f56bfc062723c751e8b465ee728b)
Start importing Assets/Prefabs/XR Prefabs/RightHand.fbx using Guid(1ee3ac50637c8874a9f126a897cad158) Importer(815301076,1909f56bfc062723c751e8b465ee728b)  -> (artifact id: 'cc80ca5c31f56ea75bb9e8681a9fd3f2') in 0.107216 seconds 
========================================================================
Received Import Request.
  Time since last request: 10.430738 seconds.
  path: Assets/Scenes/SampleScene/ReflectionProbe-0.exr
  artifactKey: Guid(8919ab6f896df094e9951fd7effff2e0) Importer(815301076,1909f56bfc062723c751e8b465ee728b)
Start importing Assets/Scenes/SampleScene/ReflectionProbe-0.exr using Guid(8919ab6f896df094e9951fd7effff2e0) Importer(815301076,1909f56bfc062723c751e8b465ee728b)  -> (artifact id: '147aeef04676b79e3542d4c809295e26') in 0.610002 seconds 
========================================================================
Received Import Request.
  Time since last request: 26.058013 seconds.
  path: Assets/Sounds/flare.wav
  artifactKey: Guid(e24ac20d0fb26514b9f405d0b2bc60a7) Importer(815301076,1909f56bfc062723c751e8b465ee728b)
Start importing Assets/Sounds/flare.wav using Guid(e24ac20d0fb26514b9f405d0b2bc60a7) Importer(815301076,1909f56bfc062723c751e8b465ee728b)  -> (artifact id: 'f2318d3953851884e31378ec71e664a6') in 0.015273 seconds 
========================================================================
Received Import Request.
  Time since last request: 0.000074 seconds.
  path: Assets/Sounds/Gunshot.wav
  artifactKey: Guid(3f4c70b2010ecd044b0093e756c65d86) Importer(815301076,1909f56bfc062723c751e8b465ee728b)
Start importing Assets/Sounds/Gunshot.wav using Guid(3f4c70b2010ecd044b0093e756c65d86) Importer(815301076,1909f56bfc062723c751e8b465ee728b)  -> (artifact id: '1336d2f83aae84c197b11869d76f7c03') in 0.006664 seconds 
========================================================================
Received Import Request.
  Time since last request: 0.000046 seconds.
  path: Assets/Sounds/hit1.wav
  artifactKey: Guid(a312a701933573945bfe49c0e388cda0) Importer(815301076,1909f56bfc062723c751e8b465ee728b)
Start importing Assets/Sounds/hit1.wav using Guid(a312a701933573945bfe49c0e388cda0) Importer(815301076,1909f56bfc062723c751e8b465ee728b)  -> (artifact id: '39485cbb6f2c490fede5c9d5d1d02671') in 0.005371 seconds 
========================================================================
Received Import Request.
  Time since last request: 0.000051 seconds.
  path: Assets/Sounds/laser_2.wav
  artifactKey: Guid(5336214a52498314d8c56f59c577d3a3) Importer(815301076,1909f56bfc062723c751e8b465ee728b)
Start importing Assets/Sounds/laser_2.wav using Guid(5336214a52498314d8c56f59c577d3a3) Importer(815301076,1909f56bfc062723c751e8b465ee728b)  -> (artifact id: '4c1d1fe817a2eaa633f0dff2969130a9') in 0.006755 seconds 
AssetImportWorkerClient::OnTransportError - code=2 error=End of file
